{"/Users/wangxiaolong/Desktop/github/utils/jest/mocks/localstrage.ts": {"path":"/Users/wangxiaolong/Desktop/github/utils/jest/mocks/localstrage.ts","statementMap":{"0":{"start":{"line":1,"column":25},"end":{"line":11,"column":1}},"1":{"start":{"line":2,"column":2},"end":{"line":10,"column":null}},"2":{"start":{"line":4,"column":33},"end":{"line":4,"column":43}},"3":{"start":{"line":13,"column":0},"end":{"line":13,"column":null}}},"fnMap":{"0":{"name":"(anonymous_0)","decl":{"start":{"line":1,"column":25},"end":{"line":1,"column":26}},"loc":{"start":{"line":1,"column":59},"end":{"line":11,"column":1}}},"1":{"name":"(anonymous_1)","decl":{"start":{"line":4,"column":15},"end":{"line":4,"column":16}},"loc":{"start":{"line":4,"column":33},"end":{"line":4,"column":43}}}},"branchMap":{},"s":{"0":1,"1":6,"2":7,"3":1},"f":{"0":6,"1":7},"b":{}}
,"/Users/wangxiaolong/Desktop/github/utils/jest/mocks/location.ts": {"path":"/Users/wangxiaolong/Desktop/github/utils/jest/mocks/location.ts","statementMap":{"0":{"start":{"line":1,"column":28},"end":{"line":16,"column":1}},"1":{"start":{"line":6,"column":19},"end":{"line":6,"column":30}},"2":{"start":{"line":7,"column":2},"end":{"line":11,"column":null}},"3":{"start":{"line":9,"column":8},"end":{"line":9,"column":null}},"4":{"start":{"line":12,"column":2},"end":{"line":15,"column":null}},"5":{"start":{"line":1,"column":13},"end":{"line":1,"column":28}},"6":{"start":{"line":18,"column":0},"end":{"line":18,"column":null}}},"fnMap":{"0":{"name":"(anonymous_0)","decl":{"start":{"line":1,"column":28},"end":{"line":1,"column":null}},"loc":{"start":{"line":5,"column":4},"end":{"line":16,"column":1}}},"1":{"name":"(anonymous_1)","decl":{"start":{"line":8,"column":9},"end":{"line":8,"column":19}},"loc":{"start":{"line":8,"column":28},"end":{"line":10,"column":5}}}},"branchMap":{"0":{"loc":{"start":{"line":4,"column":2},"end":{"line":4,"column":19}},"type":"default-arg","locations":[{"start":{"line":4,"column":17},"end":{"line":4,"column":19}}]}},"s":{"0":1,"1":2,"2":2,"3":3,"4":2,"5":1,"6":1},"f":{"0":2,"1":3},"b":{"0":[2]}}
,"/Users/wangxiaolong/Desktop/github/utils/request/src/index.ts": {"path":"/Users/wangxiaolong/Desktop/github/utils/request/src/index.ts","statementMap":{"0":{"start":{"line":1,"column":0},"end":{"line":1,"column":64}},"1":{"start":{"line":2,"column":0},"end":{"line":2,"column":55}},"2":{"start":{"line":4,"column":0},"end":{"line":4,"column":null}},"3":{"start":{"line":12,"column":0},"end":{"line":12,"column":45}},"4":{"start":{"line":16,"column":26},"end":{"line":40,"column":1}},"5":{"start":{"line":20,"column":2},"end":{"line":20,"column":null}},"6":{"start":{"line":27,"column":6},"end":{"line":27,"column":12}},"7":{"start":{"line":28,"column":2},"end":{"line":31,"column":null}},"8":{"start":{"line":32,"column":2},"end":{"line":32,"column":null}},"9":{"start":{"line":32,"column":16},"end":{"line":32,"column":null}},"10":{"start":{"line":34,"column":2},"end":{"line":35,"column":null}},"11":{"start":{"line":36,"column":2},"end":{"line":36,"column":null}},"12":{"start":{"line":37,"column":2},"end":{"line":37,"column":null}},"13":{"start":{"line":38,"column":2},"end":{"line":38,"column":null}},"14":{"start":{"line":38,"column":16},"end":{"line":38,"column":null}},"15":{"start":{"line":39,"column":2},"end":{"line":39,"column":null}},"16":{"start":{"line":16,"column":13},"end":{"line":16,"column":26}},"17":{"start":{"line":43,"column":31},"end":{"line":50,"column":1}},"18":{"start":{"line":44,"column":2},"end":{"line":44,"column":null}},"19":{"start":{"line":44,"column":22},"end":{"line":44,"column":null}},"20":{"start":{"line":45,"column":2},"end":{"line":49,"column":null}},"21":{"start":{"line":46,"column":4},"end":{"line":48,"column":null}},"22":{"start":{"line":47,"column":6},"end":{"line":47,"column":45}},"23":{"start":{"line":49,"column":7},"end":{"line":49,"column":null}},"24":{"start":{"line":43,"column":13},"end":{"line":43,"column":31}},"25":{"start":{"line":53,"column":20},"end":{"line":54,"column":11}},"26":{"start":{"line":54,"column":2},"end":{"line":54,"column":11}},"27":{"start":{"line":53,"column":13},"end":{"line":53,"column":20}},"28":{"start":{"line":55,"column":23},"end":{"line":60,"column":1}},"29":{"start":{"line":56,"column":2},"end":{"line":58,"column":3}},"30":{"start":{"line":57,"column":4},"end":{"line":57,"column":null}},"31":{"start":{"line":59,"column":2},"end":{"line":59,"column":null}},"32":{"start":{"line":55,"column":13},"end":{"line":55,"column":23}},"33":{"start":{"line":61,"column":21},"end":{"line":64,"column":1}},"34":{"start":{"line":62,"column":2},"end":{"line":62,"column":null}},"35":{"start":{"line":63,"column":2},"end":{"line":63,"column":null}},"36":{"start":{"line":61,"column":13},"end":{"line":61,"column":21}},"37":{"start":{"line":66,"column":20},"end":{"line":70,"column":54}},"38":{"start":{"line":70,"column":17},"end":{"line":70,"column":54}},"39":{"start":{"line":66,"column":13},"end":{"line":66,"column":20}},"40":{"start":{"line":72,"column":19},"end":{"line":80,"column":4}},"41":{"start":{"line":77,"column":2},"end":{"line":80,"column":4}},"42":{"start":{"line":72,"column":13},"end":{"line":72,"column":19}},"43":{"start":{"line":82,"column":0},"end":{"line":86,"column":null}},"44":{"start":{"line":84,"column":4},"end":{"line":84,"column":null}}},"fnMap":{"0":{"name":"(anonymous_0)","decl":{"start":{"line":16,"column":26},"end":{"line":16,"column":null}},"loc":{"start":{"line":19,"column":4},"end":{"line":40,"column":1}}},"1":{"name":"(anonymous_1)","decl":{"start":{"line":43,"column":31},"end":{"line":43,"column":32}},"loc":{"start":{"line":43,"column":77},"end":{"line":50,"column":1}}},"2":{"name":"(anonymous_2)","decl":{"start":{"line":46,"column":25},"end":{"line":46,"column":26}},"loc":{"start":{"line":47,"column":6},"end":{"line":47,"column":45}}},"3":{"name":"(anonymous_3)","decl":{"start":{"line":53,"column":20},"end":{"line":53,"column":25}},"loc":{"start":{"line":54,"column":2},"end":{"line":54,"column":11}}},"4":{"name":"(anonymous_4)","decl":{"start":{"line":55,"column":23},"end":{"line":55,"column":42}},"loc":{"start":{"line":55,"column":78},"end":{"line":60,"column":1}}},"5":{"name":"(anonymous_5)","decl":{"start":{"line":61,"column":21},"end":{"line":61,"column":26}},"loc":{"start":{"line":61,"column":66},"end":{"line":64,"column":1}}},"6":{"name":"(anonymous_6)","decl":{"start":{"line":66,"column":20},"end":{"line":66,"column":25}},"loc":{"start":{"line":70,"column":17},"end":{"line":70,"column":54}}},"7":{"name":"(anonymous_7)","decl":{"start":{"line":72,"column":19},"end":{"line":72,"column":24}},"loc":{"start":{"line":77,"column":2},"end":{"line":80,"column":4}}},"8":{"name":"(anonymous_8)","decl":{"start":{"line":83,"column":2},"end":{"line":83,"column":5}},"loc":{"start":{"line":83,"column":63},"end":{"line":85,"column":3}}}},"branchMap":{"0":{"loc":{"start":{"line":22,"column":4},"end":{"line":22,"column":20}},"type":"default-arg","locations":[{"start":{"line":22,"column":15},"end":{"line":22,"column":20}}]},"1":{"loc":{"start":{"line":23,"column":4},"end":{"line":23,"column":26}},"type":"default-arg","locations":[{"start":{"line":23,"column":22},"end":{"line":23,"column":26}}]},"2":{"loc":{"start":{"line":32,"column":2},"end":{"line":32,"column":null}},"type":"if","locations":[{"start":{"line":32,"column":2},"end":{"line":32,"column":null}}]},"3":{"loc":{"start":{"line":34,"column":2},"end":{"line":35,"column":61}},"type":"binary-expr","locations":[{"start":{"line":34,"column":2},"end":{"line":34,"column":24}},{"start":{"line":35,"column":4},"end":{"line":35,"column":61}}]},"4":{"loc":{"start":{"line":36,"column":2},"end":{"line":36,"column":61}},"type":"binary-expr","locations":[{"start":{"line":36,"column":2},"end":{"line":36,"column":17}},{"start":{"line":36,"column":21},"end":{"line":36,"column":61}}]},"5":{"loc":{"start":{"line":37,"column":2},"end":{"line":37,"column":47}},"type":"binary-expr","locations":[{"start":{"line":37,"column":2},"end":{"line":37,"column":14}},{"start":{"line":37,"column":18},"end":{"line":37,"column":47}}]},"6":{"loc":{"start":{"line":38,"column":2},"end":{"line":38,"column":null}},"type":"if","locations":[{"start":{"line":38,"column":2},"end":{"line":38,"column":null}}]},"7":{"loc":{"start":{"line":44,"column":2},"end":{"line":44,"column":null}},"type":"if","locations":[{"start":{"line":44,"column":2},"end":{"line":44,"column":null}}]},"8":{"loc":{"start":{"line":45,"column":2},"end":{"line":49,"column":null}},"type":"if","locations":[{"start":{"line":45,"column":2},"end":{"line":49,"column":null}},{"start":{"line":49,"column":7},"end":{"line":49,"column":null}}]},"9":{"loc":{"start":{"line":56,"column":2},"end":{"line":58,"column":3}},"type":"if","locations":[{"start":{"line":56,"column":2},"end":{"line":58,"column":3}}]},"10":{"loc":{"start":{"line":84,"column":23},"end":{"line":84,"column":47}},"type":"binary-expr","locations":[{"start":{"line":84,"column":23},"end":{"line":84,"column":36}},{"start":{"line":84,"column":40},"end":{"line":84,"column":47}}]}},"s":{"0":1,"1":1,"2":1,"3":1,"4":1,"5":6,"6":6,"7":6,"8":6,"9":5,"10":6,"11":6,"12":6,"13":6,"14":5,"15":6,"16":1,"17":1,"18":21,"19":0,"20":21,"21":1,"22":2,"23":20,"24":1,"25":1,"26":3,"27":1,"28":1,"29":1,"30":1,"31":1,"32":1,"33":1,"34":1,"35":1,"36":1,"37":1,"38":5,"39":1,"40":1,"41":4,"42":1,"43":1,"44":2},"f":{"0":6,"1":21,"2":2,"3":3,"4":1,"5":1,"6":5,"7":4,"8":2},"b":{"0":[1],"1":[6],"2":[5],"3":[6,4],"4":[6,6],"5":[6,1],"6":[5],"7":[0],"8":[1,20],"9":[1],"10":[2,1]}}
,"/Users/wangxiaolong/Desktop/github/utils/request/src/interceptors/index.ts": {"path":"/Users/wangxiaolong/Desktop/github/utils/request/src/interceptors/index.ts","statementMap":{"0":{"start":{"line":2,"column":0},"end":{"line":2,"column":38}},"1":{"start":{"line":6,"column":36},"end":{"line":6,"column":38}},"2":{"start":{"line":9,"column":37},"end":{"line":10,"column":30}},"3":{"start":{"line":10,"column":2},"end":{"line":10,"column":30}},"4":{"start":{"line":9,"column":13},"end":{"line":9,"column":37}},"5":{"start":{"line":13,"column":40},"end":{"line":16,"column":1}},"6":{"start":{"line":14,"column":16},"end":{"line":14,"column":47}},"7":{"start":{"line":15,"column":2},"end":{"line":15,"column":null}},"8":{"start":{"line":15,"column":20},"end":{"line":15,"column":null}},"9":{"start":{"line":13,"column":13},"end":{"line":13,"column":40}},"10":{"start":{"line":19,"column":2},"end":{"line":59,"column":3}},"11":{"start":{"line":25,"column":2},"end":{"line":59,"column":3}},"12":{"start":{"line":26,"column":4},"end":{"line":45,"column":null}},"13":{"start":{"line":28,"column":8},"end":{"line":41,"column":9}},"14":{"start":{"line":30,"column":22},"end":{"line":30,"column":59}},"15":{"start":{"line":33,"column":24},"end":{"line":33,"column":63}},"16":{"start":{"line":34,"column":10},"end":{"line":39,"column":11}},"17":{"start":{"line":35,"column":12},"end":{"line":35,"column":null}},"18":{"start":{"line":36,"column":12},"end":{"line":38,"column":null}},"19":{"start":{"line":40,"column":10},"end":{"line":40,"column":null}},"20":{"start":{"line":42,"column":8},"end":{"line":42,"column":null}},"21":{"start":{"line":44,"column":38},"end":{"line":44,"column":59}},"22":{"start":{"line":46,"column":4},"end":{"line":58,"column":null}},"23":{"start":{"line":47,"column":35},"end":{"line":47,"column":43}},"24":{"start":{"line":49,"column":8},"end":{"line":50,"column":null}},"25":{"start":{"line":50,"column":10},"end":{"line":50,"column":null}},"26":{"start":{"line":51,"column":27},"end":{"line":51,"column":41}},"27":{"start":{"line":52,"column":8},"end":{"line":55,"column":9}},"28":{"start":{"line":53,"column":10},"end":{"line":53,"column":null}},"29":{"start":{"line":54,"column":10},"end":{"line":54,"column":null}},"30":{"start":{"line":56,"column":8},"end":{"line":56,"column":null}},"31":{"start":{"line":18,"column":13},"end":{"line":18,"column":null}},"32":{"start":{"line":61,"column":39},"end":{"line":70,"column":1}},"33":{"start":{"line":64,"column":2},"end":{"line":69,"column":null}},"34":{"start":{"line":65,"column":34},"end":{"line":65,"column":74}},"35":{"start":{"line":67,"column":6},"end":{"line":67,"column":null}},"36":{"start":{"line":61,"column":13},"end":{"line":61,"column":39}},"37":{"start":{"line":72,"column":37},"end":{"line":87,"column":1}},"38":{"start":{"line":75,"column":2},"end":{"line":86,"column":null}},"39":{"start":{"line":77,"column":6},"end":{"line":82,"column":null}},"40":{"start":{"line":83,"column":6},"end":{"line":83,"column":null}},"41":{"start":{"line":85,"column":36},"end":{"line":85,"column":57}},"42":{"start":{"line":72,"column":13},"end":{"line":72,"column":37}},"43":{"start":{"line":88,"column":38},"end":{"line":113,"column":1}},"44":{"start":{"line":91,"column":2},"end":{"line":112,"column":null}},"45":{"start":{"line":93,"column":6},"end":{"line":98,"column":null}},"46":{"start":{"line":99,"column":6},"end":{"line":99,"column":null}},"47":{"start":{"line":102,"column":6},"end":{"line":102,"column":null}},"48":{"start":{"line":102,"column":28},"end":{"line":102,"column":null}},"49":{"start":{"line":103,"column":6},"end":{"line":109,"column":null}},"50":{"start":{"line":110,"column":6},"end":{"line":110,"column":null}},"51":{"start":{"line":88,"column":13},"end":{"line":88,"column":38}}},"fnMap":{"0":{"name":"(anonymous_0)","decl":{"start":{"line":9,"column":37},"end":{"line":9,"column":38}},"loc":{"start":{"line":10,"column":2},"end":{"line":10,"column":30}}},"1":{"name":"(anonymous_1)","decl":{"start":{"line":13,"column":40},"end":{"line":13,"column":41}},"loc":{"start":{"line":13,"column":57},"end":{"line":16,"column":1}}},"2":{"name":"(anonymous_2)","decl":{"start":{"line":19,"column":2},"end":{"line":19,"column":3}},"loc":{"start":{"line":25,"column":2},"end":{"line":59,"column":3}}},"3":{"name":"(anonymous_3)","decl":{"start":{"line":25,"column":2},"end":{"line":25,"column":3}},"loc":{"start":{"line":25,"column":55},"end":{"line":59,"column":3}}},"4":{"name":"(anonymous_4)","decl":{"start":{"line":27,"column":6},"end":{"line":27,"column":11}},"loc":{"start":{"line":27,"column":51},"end":{"line":43,"column":7}}},"5":{"name":"(anonymous_5)","decl":{"start":{"line":30,"column":12},"end":{"line":30,"column":13}},"loc":{"start":{"line":30,"column":22},"end":{"line":30,"column":59}}},"6":{"name":"(anonymous_6)","decl":{"start":{"line":44,"column":6},"end":{"line":44,"column":11}},"loc":{"start":{"line":44,"column":38},"end":{"line":44,"column":59}}},"7":{"name":"(anonymous_7)","decl":{"start":{"line":47,"column":6},"end":{"line":47,"column":7}},"loc":{"start":{"line":47,"column":35},"end":{"line":47,"column":43}}},"8":{"name":"(anonymous_8)","decl":{"start":{"line":48,"column":6},"end":{"line":48,"column":11}},"loc":{"start":{"line":48,"column":27},"end":{"line":57,"column":7}}},"9":{"name":"(anonymous_9)","decl":{"start":{"line":61,"column":39},"end":{"line":61,"column":40}},"loc":{"start":{"line":63,"column":32},"end":{"line":70,"column":1}}},"10":{"name":"(anonymous_10)","decl":{"start":{"line":65,"column":4},"end":{"line":65,"column":5}},"loc":{"start":{"line":65,"column":34},"end":{"line":65,"column":74}}},"11":{"name":"(anonymous_11)","decl":{"start":{"line":66,"column":4},"end":{"line":66,"column":9}},"loc":{"start":{"line":66,"column":25},"end":{"line":68,"column":5}}},"12":{"name":"(anonymous_12)","decl":{"start":{"line":72,"column":37},"end":{"line":72,"column":38}},"loc":{"start":{"line":74,"column":32},"end":{"line":87,"column":1}}},"13":{"name":"(anonymous_13)","decl":{"start":{"line":76,"column":4},"end":{"line":76,"column":9}},"loc":{"start":{"line":76,"column":49},"end":{"line":84,"column":5}}},"14":{"name":"(anonymous_14)","decl":{"start":{"line":85,"column":4},"end":{"line":85,"column":9}},"loc":{"start":{"line":85,"column":36},"end":{"line":85,"column":57}}},"15":{"name":"(anonymous_15)","decl":{"start":{"line":88,"column":38},"end":{"line":88,"column":39}},"loc":{"start":{"line":90,"column":32},"end":{"line":113,"column":1}}},"16":{"name":"(anonymous_16)","decl":{"start":{"line":92,"column":4},"end":{"line":92,"column":5}},"loc":{"start":{"line":92,"column":32},"end":{"line":100,"column":5}}},"17":{"name":"(anonymous_17)","decl":{"start":{"line":101,"column":4},"end":{"line":101,"column":9}},"loc":{"start":{"line":101,"column":28},"end":{"line":111,"column":5}}}},"branchMap":{"0":{"loc":{"start":{"line":15,"column":2},"end":{"line":15,"column":null}},"type":"if","locations":[{"start":{"line":15,"column":2},"end":{"line":15,"column":null}}]},"1":{"loc":{"start":{"line":20,"column":4},"end":{"line":20,"column":43}},"type":"default-arg","locations":[{"start":{"line":20,"column":24},"end":{"line":20,"column":43}}]},"2":{"loc":{"start":{"line":22,"column":4},"end":{"line":22,"column":33}},"type":"default-arg","locations":[{"start":{"line":22,"column":24},"end":{"line":22,"column":33}}]},"3":{"loc":{"start":{"line":28,"column":8},"end":{"line":41,"column":9}},"type":"if","locations":[{"start":{"line":28,"column":8},"end":{"line":41,"column":9}}]},"4":{"loc":{"start":{"line":30,"column":22},"end":{"line":30,"column":59}},"type":"binary-expr","locations":[{"start":{"line":30,"column":22},"end":{"line":30,"column":32}},{"start":{"line":30,"column":36},"end":{"line":30,"column":59}}]},"5":{"loc":{"start":{"line":34,"column":10},"end":{"line":39,"column":11}},"type":"if","locations":[{"start":{"line":34,"column":10},"end":{"line":39,"column":11}}]},"6":{"loc":{"start":{"line":49,"column":8},"end":{"line":50,"column":null}},"type":"if","locations":[{"start":{"line":49,"column":8},"end":{"line":50,"column":null}}]},"7":{"loc":{"start":{"line":52,"column":8},"end":{"line":55,"column":9}},"type":"if","locations":[{"start":{"line":52,"column":8},"end":{"line":55,"column":9}}]},"8":{"loc":{"start":{"line":52,"column":12},"end":{"line":52,"column":59}},"type":"binary-expr","locations":[{"start":{"line":52,"column":12},"end":{"line":52,"column":28}},{"start":{"line":52,"column":32},"end":{"line":52,"column":59}}]},"9":{"loc":{"start":{"line":65,"column":34},"end":{"line":65,"column":74}},"type":"cond-expr","locations":[{"start":{"line":65,"column":50},"end":{"line":65,"column":63}},{"start":{"line":65,"column":66},"end":{"line":65,"column":74}}]},"10":{"loc":{"start":{"line":67,"column":28},"end":{"line":67,"column":79}},"type":"cond-expr","locations":[{"start":{"line":67,"column":52},"end":{"line":67,"column":71}},{"start":{"line":67,"column":74},"end":{"line":67,"column":79}}]},"11":{"loc":{"start":{"line":81,"column":8},"end":{"line":81,"column":36}},"type":"binary-expr","locations":[{"start":{"line":81,"column":8},"end":{"line":81,"column":19}},{"start":{"line":81,"column":23},"end":{"line":81,"column":36}}]},"12":{"loc":{"start":{"line":102,"column":6},"end":{"line":102,"column":null}},"type":"if","locations":[{"start":{"line":102,"column":6},"end":{"line":102,"column":null}}]}},"s":{"0":1,"1":1,"2":1,"3":1,"4":1,"5":1,"6":1,"7":1,"8":1,"9":1,"10":1,"11":4,"12":4,"13":8,"14":1,"15":7,"16":7,"17":2,"18":2,"19":5,"20":6,"21":0,"22":4,"23":3,"24":5,"25":3,"26":2,"27":2,"28":1,"29":1,"30":1,"31":1,"32":1,"33":6,"34":4,"35":5,"36":1,"37":1,"38":5,"39":9,"40":9,"41":0,"42":1,"43":1,"44":5,"45":4,"46":4,"47":5,"48":4,"49":1,"50":0,"51":1},"f":{"0":1,"1":1,"2":4,"3":4,"4":8,"5":1,"6":0,"7":3,"8":5,"9":6,"10":4,"11":5,"12":5,"13":9,"14":0,"15":5,"16":4,"17":5},"b":{"0":[1],"1":[4],"2":[4],"3":[7],"4":[1,1],"5":[2],"6":[3],"7":[1],"8":[2,2],"9":[4,0],"10":[1,4],"11":[9,9],"12":[4]}}
}
