TN:
SF:jest/mocks/localstrage.ts
FN:1,(anonymous_0)
FN:4,(anonymous_1)
FNF:2
FNH:2
FNDA:6,(anonymous_0)
FNDA:7,(anonymous_1)
DA:1,1
DA:2,6
DA:4,7
DA:13,1
LF:4
LH:4
BRF:0
BRH:0
end_of_record
TN:
SF:jest/mocks/location.ts
FN:1,(anonymous_0)
FN:8,(anonymous_1)
FNF:2
FNH:2
FNDA:2,(anonymous_0)
FNDA:3,(anonymous_1)
DA:1,1
DA:6,2
DA:7,2
DA:9,3
DA:12,2
DA:18,1
LF:6
LH:6
BRDA:4,0,0,2
BRF:1
BRH:1
end_of_record
TN:
SF:request/src/index.ts
FN:16,(anonymous_0)
FN:43,(anonymous_1)
FN:46,(anonymous_2)
FN:53,(anonymous_3)
FN:55,(anonymous_4)
FN:61,(anonymous_5)
FN:66,(anonymous_6)
FN:72,(anonymous_7)
FN:83,(anonymous_8)
FNF:9
FNH:9
FNDA:6,(anonymous_0)
FNDA:21,(anonymous_1)
FNDA:2,(anonymous_2)
FNDA:3,(anonymous_3)
FNDA:1,(anonymous_4)
FNDA:1,(anonymous_5)
FNDA:5,(anonymous_6)
FNDA:4,(anonymous_7)
FNDA:2,(anonymous_8)
DA:1,1
DA:2,1
DA:4,1
DA:12,1
DA:16,1
DA:20,6
DA:27,6
DA:28,6
DA:32,6
DA:34,6
DA:36,6
DA:37,6
DA:38,6
DA:39,6
DA:43,1
DA:44,21
DA:45,21
DA:46,1
DA:47,2
DA:49,20
DA:53,1
DA:54,3
DA:55,1
DA:56,1
DA:57,1
DA:59,1
DA:61,1
DA:62,1
DA:63,1
DA:66,1
DA:70,5
DA:72,1
DA:77,4
DA:82,1
DA:84,2
LF:35
LH:35
BRDA:22,0,0,1
BRDA:23,1,0,6
BRDA:32,2,0,5
BRDA:34,3,0,6
BRDA:34,3,1,4
BRDA:36,4,0,6
BRDA:36,4,1,6
BRDA:37,5,0,6
BRDA:37,5,1,1
BRDA:38,6,0,5
BRDA:44,7,0,0
BRDA:45,8,0,1
BRDA:45,8,1,20
BRDA:56,9,0,1
BRDA:84,10,0,2
BRDA:84,10,1,1
BRF:16
BRH:15
end_of_record
TN:
SF:request/src/interceptors/index.ts
FN:9,(anonymous_0)
FN:13,(anonymous_1)
FN:19,(anonymous_2)
FN:25,(anonymous_3)
FN:27,(anonymous_4)
FN:30,(anonymous_5)
FN:44,(anonymous_6)
FN:47,(anonymous_7)
FN:48,(anonymous_8)
FN:61,(anonymous_9)
FN:65,(anonymous_10)
FN:66,(anonymous_11)
FN:72,(anonymous_12)
FN:76,(anonymous_13)
FN:85,(anonymous_14)
FN:88,(anonymous_15)
FN:92,(anonymous_16)
FN:101,(anonymous_17)
FNF:18
FNH:16
FNDA:1,(anonymous_0)
FNDA:1,(anonymous_1)
FNDA:4,(anonymous_2)
FNDA:4,(anonymous_3)
FNDA:8,(anonymous_4)
FNDA:1,(anonymous_5)
FNDA:0,(anonymous_6)
FNDA:3,(anonymous_7)
FNDA:5,(anonymous_8)
FNDA:6,(anonymous_9)
FNDA:4,(anonymous_10)
FNDA:5,(anonymous_11)
FNDA:5,(anonymous_12)
FNDA:9,(anonymous_13)
FNDA:0,(anonymous_14)
FNDA:5,(anonymous_15)
FNDA:4,(anonymous_16)
FNDA:5,(anonymous_17)
DA:2,1
DA:6,1
DA:9,1
DA:10,1
DA:13,1
DA:14,1
DA:15,1
DA:18,1
DA:19,1
DA:25,4
DA:26,4
DA:28,8
DA:30,1
DA:33,7
DA:34,7
DA:35,2
DA:36,2
DA:40,5
DA:42,6
DA:44,0
DA:46,4
DA:47,3
DA:49,5
DA:50,3
DA:51,2
DA:52,2
DA:53,1
DA:54,1
DA:56,1
DA:61,1
DA:64,6
DA:65,4
DA:67,5
DA:72,1
DA:75,5
DA:77,9
DA:83,9
DA:85,0
DA:88,1
DA:91,5
DA:93,4
DA:99,4
DA:102,5
DA:103,1
DA:110,0
LF:45
LH:42
BRDA:15,0,0,1
BRDA:20,1,0,4
BRDA:22,2,0,4
BRDA:28,3,0,7
BRDA:30,4,0,1
BRDA:30,4,1,1
BRDA:34,5,0,2
BRDA:49,6,0,3
BRDA:52,7,0,1
BRDA:52,8,0,2
BRDA:52,8,1,2
BRDA:65,9,0,4
BRDA:65,9,1,0
BRDA:67,10,0,1
BRDA:67,10,1,4
BRDA:81,11,0,9
BRDA:81,11,1,9
BRDA:102,12,0,4
BRF:18
BRH:17
end_of_record
